{"level":"ERROR","location":"[get_call:146] fyersModel","message":{"API":"/history","Error":{"code":-16,"message":"Could not authenticate the user","s":"error"}},"timestamp":"2025-12-04 12:20:53,349+0530","service":"FyersAPI","taskName":"Task-585"}
{"level":"ERROR","location":"[get_call:146] fyersModel","message":{"API":"/quotes","Error":{"message":"Please provide valid token","code":-15,"s":"error"}},"timestamp":"2025-12-04 12:20:54,159+0530","service":"FyersAPI","taskName":"Task-585"}
{"level":"ERROR","location":"[get_call:146] fyersModel","message":{"API":"/depth","Error":{"message":"Please provide valid token","code":-15,"s":"error"}},"timestamp":"2025-12-04 12:20:54,796+0530","service":"FyersAPI","taskName":"Task-585"}
{"level":"ERROR","location":"[get_call:146] fyersModel","message":{"API":"/history","Error":{"code":-16,"message":"Could not authenticate the user","s":"error"}},"timestamp":"2025-12-04 12:21:04,983+0530","service":"FyersAPI","taskName":"Task-624"}
{"level":"ERROR","location":"[get_call:146] fyersModel","message":{"API":"/quotes","Error":{"message":"Please provide valid token","code":-15,"s":"error"}},"timestamp":"2025-12-04 12:21:05,663+0530","service":"FyersAPI","taskName":"Task-624"}
{"level":"ERROR","location":"[get_call:146] fyersModel","message":{"API":"/depth","Error":{"message":"Please provide valid token","code":-15,"s":"error"}},"timestamp":"2025-12-04 12:21:06,288+0530","service":"FyersAPI","taskName":"Task-624"}
{"level":"ERROR","location":"[get_call:146] fyersModel","message":{"API":"/history","Error":{"code":-16,"message":"Could not authenticate the user","s":"error"}},"timestamp":"2025-12-04 12:27:47,693+0530","service":"FyersAPI","taskName":"Task-693"}
{"level":"ERROR","location":"[get_call:146] fyersModel","message":{"API":"/quotes","Error":{"message":"Please provide valid token","code":-15,"s":"error"}},"timestamp":"2025-12-04 12:27:48,005+0530","service":"FyersAPI","taskName":"Task-693"}
{"level":"ERROR","location":"[get_call:146] fyersModel","message":{"API":"/depth","Error":{"message":"Please provide valid token","code":-15,"s":"error"}},"timestamp":"2025-12-04 12:27:48,303+0530","service":"FyersAPI","taskName":"Task-693"}
{"level":"ERROR","location":"[get_call:146] fyersModel","message":{"API":"/history","Error":{"code":-16,"message":"Could not authenticate the user","s":"error"}},"timestamp":"2025-12-04 17:07:26,048+0530","service":"FyersAPI","taskName":"Task-69"}
{"level":"ERROR","location":"[get_call:146] fyersModel","message":{"API":"/quotes","Error":{"message":"Please provide valid token","code":-15,"s":"error"}},"timestamp":"2025-12-04 17:07:26,409+0530","service":"FyersAPI","taskName":"Task-69"}
{"level":"ERROR","location":"[get_call:146] fyersModel","message":{"API":"/depth","Error":{"message":"Please provide valid token","code":-15,"s":"error"}},"timestamp":"2025-12-04 17:07:26,717+0530","service":"FyersAPI","taskName":"Task-69"}
{"level":"ERROR","location":"[get_call:146] fyersModel","message":{"API":"/history","Error":{"code":-16,"message":"Could not authenticate the user","s":"error"}},"timestamp":"2025-12-04 17:20:38,648+0530","service":"FyersAPI","taskName":"Task-267"}
{"level":"ERROR","location":"[get_call:146] fyersModel","message":{"API":"/quotes","Error":{"message":"Please provide valid token","code":-15,"s":"error"}},"timestamp":"2025-12-04 17:20:38,929+0530","service":"FyersAPI","taskName":"Task-267"}
{"level":"ERROR","location":"[get_call:146] fyersModel","message":{"API":"/depth","Error":{"message":"Please provide valid token","code":-15,"s":"error"}},"timestamp":"2025-12-04 17:20:39,233+0530","service":"FyersAPI","taskName":"Task-267"}
{"level":"ERROR","location":"[get_call:146] fyersModel","message":{"API":"/history","Error":{"code":-16,"message":"Could not authenticate the user","s":"error"}},"timestamp":"2025-12-04 17:20:39,568+0530","service":"FyersAPI","taskName":"Task-270"}
{"level":"ERROR","location":"[get_call:146] fyersModel","message":{"API":"/history","Error":{"code":-16,"message":"Could not authenticate the user","s":"error"}},"timestamp":"2025-12-04 17:20:39,888+0530","service":"FyersAPI","taskName":"Task-270"}
{"level":"ERROR","location":"[get_call:146] fyersModel","message":{"API":"/history","Error":{"code":-16,"message":"Could not authenticate the user","s":"error"}},"timestamp":"2025-12-04 17:20:40,187+0530","service":"FyersAPI","taskName":"Task-270"}
{"level":"ERROR","location":"[get_call:146] fyersModel","message":{"API":"/history","Error":{"code":-16,"message":"Could not authenticate the user","s":"error"}},"timestamp":"2025-12-04 17:20:40,505+0530","service":"FyersAPI","taskName":"Task-270"}
{"level":"ERROR","location":"[get_call:146] fyersModel","message":{"API":"/history","Error":{"code":-16,"message":"Could not authenticate the user","s":"error"}},"timestamp":"2025-12-04 17:20:40,804+0530","service":"FyersAPI","taskName":"Task-270"}
{"level":"ERROR","location":"[get_call:146] fyersModel","message":{"API":"/history","Error":{"code":-16,"message":"Could not authenticate the user","s":"error"}},"timestamp":"2025-12-04 17:20:41,099+0530","service":"FyersAPI","taskName":"Task-270"}
{"level":"ERROR","location":"[get_call:146] fyersModel","message":{"API":"/history","Error":{"code":-16,"message":"Could not authenticate the user","s":"error"}},"timestamp":"2025-12-04 17:20:41,409+0530","service":"FyersAPI","taskName":"Task-270"}
{"level":"ERROR","location":"[get_call:146] fyersModel","message":{"API":"/history","Error":{"code":-16,"message":"Could not authenticate the user","s":"error"}},"timestamp":"2025-12-04 17:20:41,748+0530","service":"FyersAPI","taskName":"Task-270"}
{"level":"ERROR","location":"[get_call:146] fyersModel","message":{"API":"/history","Error":{"code":-16,"message":"Could not authenticate the user","s":"error"}},"timestamp":"2025-12-04 17:20:42,096+0530","service":"FyersAPI","taskName":"Task-270"}
{"level":"ERROR","location":"[get_call:146] fyersModel","message":{"API":"/history","Error":{"code":-16,"message":"Could not authenticate the user","s":"error"}},"timestamp":"2025-12-04 17:20:42,436+0530","service":"FyersAPI","taskName":"Task-270"}
{"level":"ERROR","location":"[get_call:146] fyersModel","message":{"API":"/history","Error":{"code":-16,"message":"Could not authenticate the user","s":"error"}},"timestamp":"2025-12-04 17:20:42,732+0530","service":"FyersAPI","taskName":"Task-270"}
{"level":"ERROR","location":"[get_call:146] fyersModel","message":{"API":"/history","Error":{"code":-16,"message":"Could not authenticate the user","s":"error"}},"timestamp":"2025-12-04 17:20:43,047+0530","service":"FyersAPI","taskName":"Task-270"}
{"level":"ERROR","location":"[get_call:164] fyersModel","message":{"API":"/quotes","error":"Expecting value: line 1 column 1 (char 0)"},"timestamp":"2025-12-04 17:20:59,203+0530","service":"FyersAPI","taskName":"Task-336"}
{"level":"ERROR","location":"[get_call:146] fyersModel","message":{"API":"/history","Error":{"code":-16,"message":"Could not authenticate the user","s":"error"}},"timestamp":"2025-12-04 17:27:48,185+0530","service":"FyersAPI","taskName":"Task-384"}
{"level":"ERROR","location":"[get_call:164] fyersModel","message":{"API":"/quotes","error":"Expecting value: line 1 column 1 (char 0)"},"timestamp":"2025-12-04 17:27:48,446+0530","service":"FyersAPI","taskName":"Task-384"}
{"level":"ERROR","location":"[get_call:146] fyersModel","message":{"API":"/depth","Error":{"message":"Please provide valid token","code":-15,"s":"error"}},"timestamp":"2025-12-04 17:27:48,783+0530","service":"FyersAPI","taskName":"Task-384"}
{"level":"ERROR","location":"[get_call:146] fyersModel","message":{"API":"/history","Error":{"code":-16,"message":"Could not authenticate the user","s":"error"}},"timestamp":"2025-12-04 17:27:49,112+0530","service":"FyersAPI","taskName":"Task-387"}
{"level":"ERROR","location":"[get_call:146] fyersModel","message":{"API":"/history","Error":{"code":-16,"message":"Could not authenticate the user","s":"error"}},"timestamp":"2025-12-04 17:27:49,422+0530","service":"FyersAPI","taskName":"Task-387"}
{"level":"ERROR","location":"[get_call:146] fyersModel","message":{"API":"/history","Error":{"code":-16,"message":"Could not authenticate the user","s":"error"}},"timestamp":"2025-12-04 17:27:49,727+0530","service":"FyersAPI","taskName":"Task-387"}
{"level":"ERROR","location":"[get_call:146] fyersModel","message":{"API":"/history","Error":{"code":-16,"message":"Could not authenticate the user","s":"error"}},"timestamp":"2025-12-04 17:27:50,035+0530","service":"FyersAPI","taskName":"Task-387"}
{"level":"ERROR","location":"[get_call:146] fyersModel","message":{"API":"/history","Error":{"code":-16,"message":"Could not authenticate the user","s":"error"}},"timestamp":"2025-12-04 17:27:50,325+0530","service":"FyersAPI","taskName":"Task-387"}
{"level":"ERROR","location":"[get_call:146] fyersModel","message":{"API":"/history","Error":{"code":-16,"message":"Could not authenticate the user","s":"error"}},"timestamp":"2025-12-04 17:27:50,637+0530","service":"FyersAPI","taskName":"Task-387"}
{"level":"ERROR","location":"[get_call:146] fyersModel","message":{"API":"/history","Error":{"code":-16,"message":"Could not authenticate the user","s":"error"}},"timestamp":"2025-12-04 17:27:50,938+0530","service":"FyersAPI","taskName":"Task-387"}
{"level":"ERROR","location":"[get_call:146] fyersModel","message":{"API":"/history","Error":{"code":-16,"message":"Could not authenticate the user","s":"error"}},"timestamp":"2025-12-04 17:27:51,242+0530","service":"FyersAPI","taskName":"Task-387"}
{"level":"ERROR","location":"[get_call:146] fyersModel","message":{"API":"/history","Error":{"code":-16,"message":"Could not authenticate the user","s":"error"}},"timestamp":"2025-12-04 17:27:51,568+0530","service":"FyersAPI","taskName":"Task-387"}
{"level":"ERROR","location":"[get_call:146] fyersModel","message":{"API":"/history","Error":{"code":-16,"message":"Could not authenticate the user","s":"error"}},"timestamp":"2025-12-04 17:27:51,839+0530","service":"FyersAPI","taskName":"Task-387"}
{"level":"ERROR","location":"[get_call:146] fyersModel","message":{"API":"/history","Error":{"code":-16,"message":"Could not authenticate the user","s":"error"}},"timestamp":"2025-12-04 17:27:52,089+0530","service":"FyersAPI","taskName":"Task-387"}
{"level":"ERROR","location":"[get_call:146] fyersModel","message":{"API":"/history","Error":{"code":-16,"message":"Could not authenticate the user","s":"error"}},"timestamp":"2025-12-04 17:27:52,353+0530","service":"FyersAPI","taskName":"Task-387"}
{"level":"ERROR","location":"[get_call:164] fyersModel","message":{"API":"/quotes","error":"Expecting value: line 1 column 1 (char 0)"},"timestamp":"2025-12-04 17:28:28,068+0530","service":"FyersAPI","taskName":"Task-474"}
{"level":"ERROR","location":"[get_call:146] fyersModel","message":{"API":"/history","Error":{"code":-300,"message":"Invalid symbol provided","s":"error"}},"timestamp":"2025-12-04 17:41:22,304+0530","service":"FyersAPI","taskName":"Task-606"}
{"level":"ERROR","location":"[get_call:146] fyersModel","message":{"API":"/history","Error":{"code":-300,"message":"Invalid symbol provided","s":"error"}},"timestamp":"2025-12-04 17:41:22,553+0530","service":"FyersAPI","taskName":"Task-606"}
{"level":"ERROR","location":"[get_call:146] fyersModel","message":{"API":"/history","Error":{"code":-300,"message":"Invalid symbol provided","s":"error"}},"timestamp":"2025-12-04 17:41:22,807+0530","service":"FyersAPI","taskName":"Task-606"}
{"level":"ERROR","location":"[get_call:146] fyersModel","message":{"API":"/history","Error":{"code":-300,"message":"Invalid symbol provided","s":"error"}},"timestamp":"2025-12-04 17:41:23,078+0530","service":"FyersAPI","taskName":"Task-606"}
{"level":"ERROR","location":"[get_call:146] fyersModel","message":{"API":"/history","Error":{"code":-300,"message":"Invalid symbol provided","s":"error"}},"timestamp":"2025-12-04 17:41:23,338+0530","service":"FyersAPI","taskName":"Task-606"}
{"level":"ERROR","location":"[get_call:146] fyersModel","message":{"API":"/history","Error":{"code":-300,"message":"Invalid symbol provided","s":"error"}},"timestamp":"2025-12-04 17:41:23,734+0530","service":"FyersAPI","taskName":"Task-606"}
{"level":"ERROR","location":"[get_call:146] fyersModel","message":{"API":"/history","Error":{"code":-300,"message":"Invalid symbol provided","s":"error"}},"timestamp":"2025-12-04 17:41:23,997+0530","service":"FyersAPI","taskName":"Task-606"}
{"level":"ERROR","location":"[get_call:146] fyersModel","message":{"API":"/history","Error":{"code":-300,"message":"Invalid symbol provided","s":"error"}},"timestamp":"2025-12-04 17:41:24,240+0530","service":"FyersAPI","taskName":"Task-606"}
{"level":"ERROR","location":"[get_call:146] fyersModel","message":{"API":"/history","Error":{"code":-300,"message":"Invalid symbol provided","s":"error"}},"timestamp":"2025-12-04 17:41:24,491+0530","service":"FyersAPI","taskName":"Task-606"}
{"level":"ERROR","location":"[get_call:146] fyersModel","message":{"API":"/history","Error":{"code":-300,"message":"Invalid symbol provided","s":"error"}},"timestamp":"2025-12-04 17:41:24,749+0530","service":"FyersAPI","taskName":"Task-606"}
{"level":"ERROR","location":"[get_call:146] fyersModel","message":{"API":"/history","Error":{"code":-300,"message":"Invalid symbol provided","s":"error"}},"timestamp":"2025-12-04 17:41:25,008+0530","service":"FyersAPI","taskName":"Task-606"}
{"level":"ERROR","location":"[get_call:146] fyersModel","message":{"API":"/history","Error":{"code":-300,"message":"Invalid symbol provided","s":"error"}},"timestamp":"2025-12-04 17:41:25,250+0530","service":"FyersAPI","taskName":"Task-606"}
{"level":"ERROR","location":"[get_call:146] fyersModel","message":{"API":"/history","Error":{"code":-300,"message":"Invalid symbol provided","s":"error"}},"timestamp":"2025-12-04 17:41:43,525+0530","service":"FyersAPI","taskName":"Task-606"}
{"level":"ERROR","location":"[get_call:146] fyersModel","message":{"API":"/history","Error":{"code":-300,"message":"Invalid symbol provided","s":"error"}},"timestamp":"2025-12-04 17:41:43,776+0530","service":"FyersAPI","taskName":"Task-606"}
{"level":"ERROR","location":"[get_call:146] fyersModel","message":{"API":"/history","Error":{"code":-300,"message":"Invalid symbol provided","s":"error"}},"timestamp":"2025-12-04 17:41:44,033+0530","service":"FyersAPI","taskName":"Task-606"}
{"level":"ERROR","location":"[get_call:146] fyersModel","message":{"API":"/history","Error":{"code":-300,"message":"Invalid symbol provided","s":"error"}},"timestamp":"2025-12-04 17:41:44,283+0530","service":"FyersAPI","taskName":"Task-606"}
{"level":"ERROR","location":"[get_call:146] fyersModel","message":{"API":"/history","Error":{"code":-300,"message":"Invalid symbol provided","s":"error"}},"timestamp":"2025-12-04 17:41:44,546+0530","service":"FyersAPI","taskName":"Task-606"}
{"level":"ERROR","location":"[get_call:146] fyersModel","message":{"API":"/history","Error":{"code":-300,"message":"Invalid symbol provided","s":"error"}},"timestamp":"2025-12-04 17:41:44,796+0530","service":"FyersAPI","taskName":"Task-606"}
{"level":"ERROR","location":"[get_call:146] fyersModel","message":{"API":"/history","Error":{"code":-300,"message":"Invalid symbol provided","s":"error"}},"timestamp":"2025-12-04 17:41:45,060+0530","service":"FyersAPI","taskName":"Task-606"}
{"level":"ERROR","location":"[get_call:146] fyersModel","message":{"API":"/history","Error":{"code":-300,"message":"Invalid symbol provided","s":"error"}},"timestamp":"2025-12-04 17:41:45,317+0530","service":"FyersAPI","taskName":"Task-606"}
{"level":"ERROR","location":"[get_call:146] fyersModel","message":{"API":"/history","Error":{"code":-300,"message":"Invalid symbol provided","s":"error"}},"timestamp":"2025-12-04 17:41:45,564+0530","service":"FyersAPI","taskName":"Task-606"}
{"level":"ERROR","location":"[get_call:146] fyersModel","message":{"API":"/history","Error":{"code":-300,"message":"Invalid symbol provided","s":"error"}},"timestamp":"2025-12-04 17:41:45,831+0530","service":"FyersAPI","taskName":"Task-606"}
{"level":"ERROR","location":"[get_call:146] fyersModel","message":{"API":"/history","Error":{"code":-300,"message":"Invalid symbol provided","s":"error"}},"timestamp":"2025-12-04 17:41:46,082+0530","service":"FyersAPI","taskName":"Task-606"}
{"level":"ERROR","location":"[get_call:146] fyersModel","message":{"API":"/history","Error":{"code":-300,"message":"Invalid symbol provided","s":"error"}},"timestamp":"2025-12-04 17:41:46,352+0530","service":"FyersAPI","taskName":"Task-606"}
{"level":"ERROR","location":"[get_call:146] fyersModel","message":{"API":"/history","Error":{"code":-16,"message":"Could not authenticate the user","s":"error"}},"timestamp":"2025-12-05 08:28:56,783+0530","service":"FyersAPI","taskName":"Task-60"}
{"level":"ERROR","location":"[get_call:146] fyersModel","message":{"API":"/quotes","Error":{"message":"Please provide valid token","code":-15,"s":"error"}},"timestamp":"2025-12-05 08:28:57,079+0530","service":"FyersAPI","taskName":"Task-60"}
{"level":"ERROR","location":"[get_call:146] fyersModel","message":{"API":"/depth","Error":{"message":"Please provide valid token","code":-15,"s":"error"}},"timestamp":"2025-12-05 08:28:57,380+0530","service":"FyersAPI","taskName":"Task-60"}
{"level":"ERROR","location":"[get_call:146] fyersModel","message":{"API":"/history","Error":{"code":-16,"message":"Could not authenticate the user","s":"error"}},"timestamp":"2025-12-05 09:19:44,744+0530","service":"FyersAPI","taskName":"Task-60"}
{"level":"ERROR","location":"[get_call:146] fyersModel","message":{"API":"/quotes","Error":{"message":"Please provide valid token","code":-15,"s":"error"}},"timestamp":"2025-12-05 09:19:45,436+0530","service":"FyersAPI","taskName":"Task-60"}
{"level":"ERROR","location":"[get_call:146] fyersModel","message":{"API":"/depth","Error":{"message":"Please provide valid token","code":-15,"s":"error"}},"timestamp":"2025-12-05 09:19:46,154+0530","service":"FyersAPI","taskName":"Task-60"}
{"level":"ERROR","location":"[get_call:146] fyersModel","message":{"API":"/depth","Error":{"message":"Please provide valid token","code":-15,"s":"error"}},"timestamp":"2025-12-05 09:19:46,862+0530","service":"FyersAPI","taskName":"Task-72"}
{"level":"ERROR","location":"[get_call:146] fyersModel","message":{"API":"/history","Error":{"code":-300,"message":"Invalid symbol provided","s":"error"}},"timestamp":"2025-12-05 09:26:07,556+0530","service":"FyersAPI","taskName":"Task-135"}
{"level":"ERROR","location":"[get_call:146] fyersModel","message":{"API":"/history","Error":{"code":-300,"message":"Invalid symbol provided","s":"error"}},"timestamp":"2025-12-05 09:31:57,070+0530","service":"FyersAPI","taskName":"Task-141"}
{"level":"ERROR","location":"[get_call:146] fyersModel","message":{"API":"/history","Error":{"code":-16,"message":"Could not authenticate the user","s":"error"}},"timestamp":"2025-12-05 10:50:11,530+0530","service":"FyersAPI","taskName":"Task-114"}
{"level":"ERROR","location":"[get_call:146] fyersModel","message":{"API":"/quotes","Error":{"message":"Please provide valid token","code":-15,"s":"error"}},"timestamp":"2025-12-05 10:50:12,240+0530","service":"FyersAPI","taskName":"Task-114"}
{"level":"ERROR","location":"[get_call:146] fyersModel","message":{"API":"/depth","Error":{"message":"Please provide valid token","code":-15,"s":"error"}},"timestamp":"2025-12-05 10:50:12,889+0530","service":"FyersAPI","taskName":"Task-114"}
{"level":"ERROR","location":"[get_call:146] fyersModel","message":{"API":"/history","Error":{"code":-16,"message":"Could not authenticate the user","s":"error"}},"timestamp":"2025-12-05 10:50:13,197+0530","service":"FyersAPI","taskName":"Task-117"}
{"level":"ERROR","location":"[get_call:146] fyersModel","message":{"API":"/depth","Error":{"message":"Please provide valid token","code":-15,"s":"error"}},"timestamp":"2025-12-05 10:50:13,490+0530","service":"FyersAPI","taskName":"Task-129"}
{"level":"ERROR","location":"[get_call:146] fyersModel","message":{"API":"/history","Error":{"code":-16,"message":"Could not authenticate the user","s":"error"}},"timestamp":"2025-12-05 10:50:30,496+0530","service":"FyersAPI","taskName":"Task-132"}
{"level":"ERROR","location":"[get_call:146] fyersModel","message":{"API":"/history","Error":{"code":-16,"message":"Could not authenticate the user","s":"error"}},"timestamp":"2025-12-05 10:50:38,958+0530","service":"FyersAPI","taskName":"Task-135"}
{"level":"ERROR","location":"[get_call:146] fyersModel","message":{"API":"/history","Error":{"code":-16,"message":"Could not authenticate the user","s":"error"}},"timestamp":"2025-12-05 10:51:24,586+0530","service":"FyersAPI","taskName":"Task-171"}
{"level":"ERROR","location":"[get_call:146] fyersModel","message":{"API":"/quotes","Error":{"message":"Please provide valid token","code":-15,"s":"error"}},"timestamp":"2025-12-05 10:51:25,195+0530","service":"FyersAPI","taskName":"Task-171"}
{"level":"ERROR","location":"[get_call:146] fyersModel","message":{"API":"/depth","Error":{"message":"Please provide valid token","code":-15,"s":"error"}},"timestamp":"2025-12-05 10:51:25,809+0530","service":"FyersAPI","taskName":"Task-171"}
{"level":"ERROR","location":"[get_call:146] fyersModel","message":{"API":"/history","Error":{"code":-16,"message":"Could not authenticate the user","s":"error"}},"timestamp":"2025-12-05 10:51:26,572+0530","service":"FyersAPI","taskName":"Task-174"}
{"level":"ERROR","location":"[get_call:146] fyersModel","message":{"API":"/depth","Error":{"message":"Please provide valid token","code":-15,"s":"error"}},"timestamp":"2025-12-05 10:51:27,353+0530","service":"FyersAPI","taskName":"Task-186"}
